22:34:10 **** Incremental Build of configuration Debug for project q10 ****
make all 
Building file: ../src/q11.c
Invoking: GCC C Compiler
gcc -O0 -g3 -Wall -c -fmessage-length=0 -MMD -MP -MF"src/q11.d" -MT"src/q11.o" -o "src/q11.o" "../src/q11.c"
../src/q11.c: In function ‘main’:
../src/q11.c:22:9: warning: implicit declaration of function ‘printf’ [-Wimplicit-function-declaration]
   22 |         printf("%s\n%d", c, findFreq(c, 'e'));
      |         ^~~~~~
../src/q11.c:1:1: note: include ‘<stdio.h>’ or provide a declaration of ‘printf’
  +++ |+#include <stdio.h>
    1 | /*
../src/q11.c:22:9: warning: incompatible implicit declaration of built-in function ‘printf’ [-Wbuiltin-declaration-mismatch]
   22 |         printf("%s\n%d", c, findFreq(c, 'e'));
      |         ^~~~~~
../src/q11.c:22:9: note: include ‘<stdio.h>’ or provide a declaration of ‘printf’
Finished building: ../src/q11.c
 
Building target: q10
Invoking: GCC C Linker
gcc  -o "q10" ./src/q10.o ./src/q11.o   
/usr/bin/ld: ./src/q11.o: in function `main':
/home/Edges_Standard_Embedded_Diploma/C_Course/Assignments/C_Assignment_3/q10/Debug/../src/q11.c:20: multiple definition of `main'; ./src/q10.o:/home/Edges_Standard_Embedded_Diploma/C_Course/Assignments/C_Assignment_3/q10/Debug/../src/q10.c:24: first defined here
collect2: error: ld returned 1 exit status
make: *** [makefile:32: q10] Error 1
"make all" terminated with exit code 2. Build might be incomplete.

22:34:13 Build Failed. 3 errors, 2 warnings. (took 2s.458ms)

